Retrieving project…
Deploying roys-projects-280eb3ec/superspec-store
Uploading [--------------------] (0.0B/71B)
Uploading [====================] (71.0B/71B)
Inspect: https://vercel.com/roys-projects-280eb3ec/superspec-store/3k9xTe1PeqnEHEv6gdYZz5ennFW3 [3s]
Production: https://superspec-store-jaalrcebp-roys-projects-280eb3ec.vercel.app [3s]
https://superspec-store-jaalrcebp-roys-projects-280eb3ec.vercel.appBuilding...
Building...
Building: Running build in Washington, D.C., USA (East) – iad1
Building: Build machine configuration: 2 cores, 8 GB
Building: Retrieving list of deployment files...
Building: Downloading 402 deployment files...
Building: Restored build cache from previous deployment (4MYdSDMj1LdRdS1ajAiJvUEtyu77)
Building: Running "vercel build"
Building: Vercel CLI 51.6.1
Building: Installing dependencies...
Building: up to date in 1s
Building: 143 packages are looking for funding
Building: run `npm fund` for details
Building: Detected Next.js version: 15.5.14
Building: Running "npm run build"
Building: > superspec_store@0.1.0 build
Building: > next build
Building: ▲ Next.js 15.5.14
Building: - Environments: .env
Building: Creating an optimized production build ...
Building: ⚠ Compiled with warnings in 6.2s
Building: ./app/api/cart/sync/route.ts
Building: Attempted import error: 'getSupabaseServiceRole' is not exported from '@/lib/supabaseServiceRole' (imported as 'getSupabaseServiceRole').
Building: Import trace for requested module:
Building: ./app/api/cart/sync/route.ts
Building: ✓ Compiled successfully in 10.2s
Building: Linting and checking validity of types ...
Building: Failed to compile.
Building: ./app/api/cart/sync/route.ts:2:10
Building: Type error: Module '"@/lib/supabaseServiceRole"' has no exported member 'getSupabaseServiceRole'.
Building: 1 | import { NextResponse } from 'next/server';
Building: > 2 | import { getSupabaseServiceRole } from '@/lib/supabaseServiceRole';
Building: |          ^
Building: 3 | import { cookies } from 'next/headers';
Building: 4 | import { createServerClient } from '@supabase/ssr';
Building: 5 |
Building: Next.js build worker exited with code: 1 and signal: null
Building: Error: Command "npm run build" exited with 1
Error: Command "npm run build" exited with 1
